# JRE version: OpenJDK Runtime Environment (21.0.3) (build 21.0.3+-12282718-b509.11)
# Java VM: OpenJDK 64-Bit Server VM (21.0.3+-12282718-b509.11, mixed mode, tiered, compressed oops, compressed class ptrs, g1 gc, windows-amd64)
GC Precious Log:
 CardTable entry size: 512
 Card Set container configuration: InlinePtr #cards 5 size 8 Array Of Cards #cards 12 size 40 Howl #buckets 4 coarsen threshold 1843 Howl Bitmap #cards 512 size 80 coarsen threshold 460 Card regions per heap region 1 cards per card region 2048
 CPUs: 8 total, 8 available
 Memory: 7914M
 Large Page Support: Disabled
 NUMA Support: Disabled
 Compressed Oops: Enabled (32-bit)
 Heap Region Size: 1M
 Heap Min Capacity: 8M
 Heap Initial Capacity: 124M
 Heap Max Capacity: 2G
 Pre-touch: Disabled
 Parallel Workers: 8
 Concurrent Workers: 2
 Concurrent Refinement Workers: 8
 Periodic GC: Disabled
Heap:
 garbage-first heap   total 348160K, used 263938K [0x0000000080000000, 0x0000000100000000)
  region size 1024K, 96 young (98304K), 5 survivors (5120K)
 Metaspace       used 133280K, committed 135488K, reserved 1179648K
  class space    used 18184K, committed 19264K, reserved 1048576K
GC Heap History (20 events):
Event: 18.600 GC heap before
{Heap before GC invocations=41 (full 0):
 garbage-first heap   total 208896K, used 186556K [0x0000000080000000, 0x0000000100000000)
  region size 1024K, 82 young (83968K), 3 survivors (3072K)
 Metaspace       used 114797K, committed 116992K, reserved 1179648K
  class space    used 15483K, committed 16576K, reserved 1048576K
}
Event: 18.604 GC heap after
{Heap after GC invocations=42 (full 0):
 garbage-first heap   total 208896K, used 107257K [0x0000000080000000, 0x0000000100000000)
  region size 1024K, 4 young (4096K), 4 survivors (4096K)
 Metaspace       used 114797K, committed 116992K, reserved 1179648K
  class space    used 15483K, committed 16576K, reserved 1048576K
}
Event: 19.399 GC heap before
{Heap before GC invocations=42 (full 0):
 garbage-first heap   total 208896K, used 190201K [0x0000000080000000, 0x0000000100000000)
  region size 1024K, 86 young (88064K), 4 survivors (4096K)
 Metaspace       used 119431K, committed 121536K, reserved 1179648K
  class space    used 16165K, committed 17216K, reserved 1048576K
}
Event: 19.408 GC heap after
{Heap after GC invocations=43 (full 0):
 garbage-first heap   total 208896K, used 118036K [0x0000000080000000, 0x0000000100000000)
  region size 1024K, 11 young (11264K), 11 survivors (11264K)
 Metaspace       used 119431K, committed 121536K, reserved 1179648K
  class space    used 16165K, committed 17216K, reserved 1048576K
}
Event: 19.775 GC heap before
{Heap before GC invocations=44 (full 0):
 garbage-first heap   total 224256K, used 183572K [0x0000000080000000, 0x0000000100000000)
  region size 1024K, 76 young (77824K), 11 survivors (11264K)
 Metaspace       used 121486K, committed 123648K, reserved 1179648K
  class space    used 16494K, committed 17600K, reserved 1048576K
}
Event: 19.792 GC heap after
{Heap after GC invocations=45 (full 0):
 garbage-first heap   total 224256K, used 131323K [0x0000000080000000, 0x0000000100000000)
  region size 1024K, 10 young (10240K), 10 survivors (10240K)
 Metaspace       used 121486K, committed 123648K, reserved 1179648K
  class space    used 16494K, committed 17600K, reserved 1048576K
}
Event: 20.071 GC heap before
{Heap before GC invocations=45 (full 0):
 garbage-first heap   total 224256K, used 197883K [0x0000000080000000, 0x0000000100000000)
  region size 1024K, 76 young (77824K), 10 survivors (10240K)
 Metaspace       used 124052K, committed 126208K, reserved 1179648K
  class space    used 16833K, committed 17920K, reserved 1048576K
}
Event: 20.089 GC heap after
{Heap after GC invocations=46 (full 0):
 garbage-first heap   total 224256K, used 139734K [0x0000000080000000, 0x0000000100000000)
  region size 1024K, 10 young (10240K), 10 survivors (10240K)
 Metaspace       used 124052K, committed 126208K, reserved 1179648K
  class space    used 16833K, committed 17920K, reserved 1048576K
}
Event: 20.295 GC heap before
{Heap before GC invocations=46 (full 0):
 garbage-first heap   total 224256K, used 199126K [0x0000000080000000, 0x0000000100000000)
  region size 1024K, 69 young (70656K), 10 survivors (10240K)
 Metaspace       used 125546K, committed 127680K, reserved 1179648K
  class space    used 17113K, committed 18176K, reserved 1048576K
}
Event: 20.315 GC heap after
{Heap after GC invocations=47 (full 0):
 garbage-first heap   total 269312K, used 152344K [0x0000000080000000, 0x0000000100000000)
  region size 1024K, 9 young (9216K), 9 survivors (9216K)
 Metaspace       used 125546K, committed 127680K, reserved 1179648K
  class space    used 17113K, committed 18176K, reserved 1048576K
}
Event: 21.061 GC heap before
{Heap before GC invocations=48 (full 0):
 garbage-first heap   total 270336K, used 234264K [0x0000000080000000, 0x0000000100000000)
  region size 1024K, 90 young (92160K), 9 survivors (9216K)
 Metaspace       used 128158K, committed 130304K, reserved 1179648K
  class space    used 17537K, committed 18624K, reserved 1048576K
}
Event: 21.092 GC heap after
{Heap after GC invocations=49 (full 0):
 garbage-first heap   total 270336K, used 166184K [0x0000000080000000, 0x0000000100000000)
  region size 1024K, 12 young (12288K), 12 survivors (12288K)
 Metaspace       used 128158K, committed 130304K, reserved 1179648K
  class space    used 17537K, committed 18624K, reserved 1048576K
}
Event: 21.611 GC heap before
{Heap before GC invocations=49 (full 0):
 garbage-first heap   total 270336K, used 238888K [0x0000000080000000, 0x0000000100000000)
  region size 1024K, 84 young (86016K), 12 survivors (12288K)
 Metaspace       used 129978K, committed 132096K, reserved 1179648K
  class space    used 17830K, committed 18880K, reserved 1048576K
}
Event: 21.627 GC heap after
{Heap after GC invocations=50 (full 0):
 garbage-first heap   total 270336K, used 172539K [0x0000000080000000, 0x0000000100000000)
  region size 1024K, 8 young (8192K), 8 survivors (8192K)
 Metaspace       used 129978K, committed 132096K, reserved 1179648K
  class space    used 17830K, committed 18880K, reserved 1048576K
}
Event: 22.003 GC heap before
{Heap before GC invocations=50 (full 0):
 garbage-first heap   total 270336K, used 242171K [0x0000000080000000, 0x0000000100000000)
  region size 1024K, 77 young (78848K), 8 survivors (8192K)
 Metaspace       used 131223K, committed 133440K, reserved 1179648K
  class space    used 17996K, committed 19072K, reserved 1048576K
}
Event: 22.009 GC heap after
{Heap after GC invocations=51 (full 0):
 garbage-first heap   total 270336K, used 171617K [0x0000000080000000, 0x0000000100000000)
  region size 1024K, 2 young (2048K), 2 survivors (2048K)
 Metaspace       used 131223K, committed 133440K, reserved 1179648K
  class space    used 17996K, committed 19072K, reserved 1048576K
}
Event: 22.460 GC heap before
{Heap before GC invocations=52 (full 0):
 garbage-first heap   total 348160K, used 246369K [0x0000000080000000, 0x0000000100000000)
  region size 1024K, 75 young (76800K), 2 survivors (2048K)
 Metaspace       used 132550K, committed 134656K, reserved 1179648K
  class space    used 18089K, committed 19136K, reserved 1048576K
}
Event: 22.464 GC heap after
{Heap after GC invocations=53 (full 0):
 garbage-first heap   total 348160K, used 171326K [0x0000000080000000, 0x0000000100000000)
  region size 1024K, 2 young (2048K), 2 survivors (2048K)
 Metaspace       used 132550K, committed 134656K, reserved 1179648K
  class space    used 18089K, committed 19136K, reserved 1048576K
}
Event: 22.908 GC heap before
{Heap before GC invocations=53 (full 0):
 garbage-first heap   total 348160K, used 309566K [0x0000000080000000, 0x0000000100000000)
  region size 1024K, 138 young (141312K), 2 survivors (2048K)
 Metaspace       used 133194K, committed 135424K, reserved 1179648K
  class space    used 18166K, committed 19264K, reserved 1048576K
}
Event: 22.919 GC heap after
{Heap after GC invocations=54 (full 0):
 garbage-first heap   total 348160K, used 171778K [0x0000000080000000, 0x0000000100000000)
  region size 1024K, 5 young (5120K), 5 survivors (5120K)
 Metaspace       used 133194K, committed 135424K, reserved 1179648K
  class space    used 18166K, committed 19264K, reserved 1048576K
}

