# JRE version: OpenJDK Runtime Environment (21.0.3) (build 21.0.3+-12282718-b509.11)
# Java VM: OpenJDK 64-Bit Server VM (21.0.3+-12282718-b509.11, mixed mode, tiered, compressed oops, compressed class ptrs, g1 gc, windows-amd64)
GC Precious Log:
 CardTable entry size: 512
 Card Set container configuration: InlinePtr #cards 5 size 8 Array Of Cards #cards 12 size 40 Howl #buckets 4 coarsen threshold 1843 Howl Bitmap #cards 512 size 80 coarsen threshold 460 Card regions per heap region 1 cards per card region 2048
 CPUs: 8 total, 8 available
 Memory: 7914M
 Large Page Support: Disabled
 NUMA Support: Disabled
 Compressed Oops: Enabled (32-bit)
 Heap Region Size: 1M
 Heap Min Capacity: 8M
 Heap Initial Capacity: 124M
 Heap Max Capacity: 2G
 Pre-touch: Disabled
 Parallel Workers: 8
 Concurrent Workers: 2
 Concurrent Refinement Workers: 8
 Periodic GC: Disabled
Heap:
 garbage-first heap   total 95232K, used 81270K [0x0000000080000000, 0x0000000100000000)
  region size 1024K, 46 young (47104K), 3 survivors (3072K)
 Metaspace       used 53678K, committed 55104K, reserved 1114112K
  class space    used 7299K, committed 8000K, reserved 1048576K
GC Heap History (18 events):
Event: 0.671 GC heap before
{Heap before GC invocations=0 (full 0):
 garbage-first heap   total 126976K, used 26624K [0x0000000080000000, 0x0000000100000000)
  region size 1024K, 23 young (23552K), 0 survivors (0K)
 Metaspace       used 8138K, committed 8320K, reserved 1114112K
  class space    used 739K, committed 832K, reserved 1048576K
}
Event: 0.677 GC heap after
{Heap after GC invocations=1 (full 0):
 garbage-first heap   total 126976K, used 10240K [0x0000000080000000, 0x0000000100000000)
  region size 1024K, 3 young (3072K), 3 survivors (3072K)
 Metaspace       used 8138K, committed 8320K, reserved 1114112K
  class space    used 739K, committed 832K, reserved 1048576K
}
Event: 1.358 GC heap before
{Heap before GC invocations=1 (full 0):
 garbage-first heap   total 126976K, used 39936K [0x0000000080000000, 0x0000000100000000)
  region size 1024K, 33 young (33792K), 3 survivors (3072K)
 Metaspace       used 12046K, committed 12224K, reserved 1114112K
  class space    used 1280K, committed 1408K, reserved 1048576K
}
Event: 1.366 GC heap after
{Heap after GC invocations=2 (full 0):
 garbage-first heap   total 126976K, used 11892K [0x0000000080000000, 0x0000000100000000)
  region size 1024K, 2 young (2048K), 2 survivors (2048K)
 Metaspace       used 12046K, committed 12224K, reserved 1114112K
  class space    used 1280K, committed 1408K, reserved 1048576K
}
Event: 2.873 GC heap before
{Heap before GC invocations=2 (full 0):
 garbage-first heap   total 126976K, used 75380K [0x0000000080000000, 0x0000000100000000)
  region size 1024K, 64 young (65536K), 2 survivors (2048K)
 Metaspace       used 21194K, committed 21504K, reserved 1114112K
  class space    used 2456K, committed 2624K, reserved 1048576K
}
Event: 2.880 GC heap after
{Heap after GC invocations=3 (full 0):
 garbage-first heap   total 126976K, used 20677K [0x0000000080000000, 0x0000000100000000)
  region size 1024K, 10 young (10240K), 10 survivors (10240K)
 Metaspace       used 21194K, committed 21504K, reserved 1114112K
  class space    used 2456K, committed 2624K, reserved 1048576K
}
Event: 3.689 GC heap before
{Heap before GC invocations=4 (full 0):
 garbage-first heap   total 78848K, used 56517K [0x0000000080000000, 0x0000000100000000)
  region size 1024K, 46 young (47104K), 10 survivors (10240K)
 Metaspace       used 27779K, committed 28288K, reserved 1114112K
  class space    used 3490K, committed 3712K, reserved 1048576K
}
Event: 3.697 GC heap after
{Heap after GC invocations=5 (full 0):
 garbage-first heap   total 78848K, used 22884K [0x0000000080000000, 0x0000000100000000)
  region size 1024K, 2 young (2048K), 2 survivors (2048K)
 Metaspace       used 27779K, committed 28288K, reserved 1114112K
  class space    used 3490K, committed 3712K, reserved 1048576K
}
Event: 4.259 GC heap before
{Heap before GC invocations=5 (full 0):
 garbage-first heap   total 78848K, used 59748K [0x0000000080000000, 0x0000000100000000)
  region size 1024K, 38 young (38912K), 2 survivors (2048K)
 Metaspace       used 32733K, committed 33472K, reserved 1114112K
  class space    used 4336K, committed 4672K, reserved 1048576K
}
Event: 4.263 GC heap after
{Heap after GC invocations=6 (full 0):
 garbage-first heap   total 78848K, used 25858K [0x0000000080000000, 0x0000000100000000)
  region size 1024K, 5 young (5120K), 5 survivors (5120K)
 Metaspace       used 32733K, committed 33472K, reserved 1114112K
  class space    used 4336K, committed 4672K, reserved 1048576K
}
Event: 4.483 GC heap before
{Heap before GC invocations=6 (full 0):
 garbage-first heap   total 78848K, used 42242K [0x0000000080000000, 0x0000000100000000)
  region size 1024K, 23 young (23552K), 5 survivors (5120K)
 Metaspace       used 35199K, committed 35968K, reserved 1114112K
  class space    used 4746K, committed 5120K, reserved 1048576K
}
Event: 4.487 GC heap after
{Heap after GC invocations=7 (full 0):
 garbage-first heap   total 78848K, used 26853K [0x0000000080000000, 0x0000000100000000)
  region size 1024K, 4 young (4096K), 4 survivors (4096K)
 Metaspace       used 35199K, committed 35968K, reserved 1114112K
  class space    used 4746K, committed 5120K, reserved 1048576K
}
Event: 5.024 GC heap before
{Heap before GC invocations=8 (full 0):
 garbage-first heap   total 78848K, used 63717K [0x0000000080000000, 0x0000000100000000)
  region size 1024K, 41 young (41984K), 4 survivors (4096K)
 Metaspace       used 40410K, committed 41600K, reserved 1114112K
  class space    used 5593K, committed 6208K, reserved 1048576K
}
Event: 5.029 GC heap after
{Heap after GC invocations=9 (full 0):
 garbage-first heap   total 78848K, used 28965K [0x0000000080000000, 0x0000000100000000)
  region size 1024K, 4 young (4096K), 4 survivors (4096K)
 Metaspace       used 40410K, committed 41600K, reserved 1114112K
  class space    used 5593K, committed 6208K, reserved 1048576K
}
Event: 5.360 GC heap before
{Heap before GC invocations=9 (full 0):
 garbage-first heap   total 78848K, used 64805K [0x0000000080000000, 0x0000000100000000)
  region size 1024K, 40 young (40960K), 4 survivors (4096K)
 Metaspace       used 45388K, committed 46528K, reserved 1114112K
  class space    used 6088K, committed 6656K, reserved 1048576K
}
Event: 5.367 GC heap after
{Heap after GC invocations=10 (full 0):
 garbage-first heap   total 78848K, used 33240K [0x0000000080000000, 0x0000000100000000)
  region size 1024K, 5 young (5120K), 5 survivors (5120K)
 Metaspace       used 45388K, committed 46528K, reserved 1114112K
  class space    used 6088K, committed 6656K, reserved 1048576K
}
Event: 5.617 GC heap before
{Heap before GC invocations=10 (full 0):
 garbage-first heap   total 78848K, used 68056K [0x0000000080000000, 0x0000000100000000)
  region size 1024K, 39 young (39936K), 5 survivors (5120K)
 Metaspace       used 47614K, committed 48896K, reserved 1114112K
  class space    used 6444K, committed 7040K, reserved 1048576K
}
Event: 5.621 GC heap after
{Heap after GC invocations=11 (full 0):
 garbage-first heap   total 95232K, used 36214K [0x0000000080000000, 0x0000000100000000)
  region size 1024K, 3 young (3072K), 3 survivors (3072K)
 Metaspace       used 47614K, committed 48896K, reserved 1114112K
  class space    used 6444K, committed 7040K, reserved 1048576K
}

