# JRE version: OpenJDK Runtime Environment (21.0.3) (build 21.0.3+-12282718-b509.11)
# Java VM: OpenJDK 64-Bit Server VM (21.0.3+-12282718-b509.11, mixed mode, tiered, compressed oops, compressed class ptrs, g1 gc, windows-amd64)
GC Precious Log:
 CardTable entry size: 512
 Card Set container configuration: InlinePtr #cards 5 size 8 Array Of Cards #cards 12 size 40 Howl #buckets 4 coarsen threshold 1843 Howl Bitmap #cards 512 size 80 coarsen threshold 460 Card regions per heap region 1 cards per card region 2048
 CPUs: 8 total, 8 available
 Memory: 7914M
 Large Page Support: Disabled
 NUMA Support: Disabled
 Compressed Oops: Enabled (32-bit)
 Heap Region Size: 1M
 Heap Min Capacity: 8M
 Heap Initial Capacity: 124M
 Heap Max Capacity: 2G
 Pre-touch: Disabled
 Parallel Workers: 8
 Concurrent Workers: 2
 Concurrent Refinement Workers: 8
 Periodic GC: Disabled
Heap:
 garbage-first heap   total 135168K, used 87236K [0x0000000080000000, 0x0000000100000000)
  region size 1024K, 14 young (14336K), 2 survivors (2048K)
 Metaspace       used 84880K, committed 86656K, reserved 1179648K
  class space    used 11574K, committed 12480K, reserved 1048576K
GC Heap History (20 events):
Event: 6.390 GC heap before
{Heap before GC invocations=12 (full 0):
 garbage-first heap   total 107520K, used 94055K [0x0000000080000000, 0x0000000100000000)
  region size 1024K, 61 young (62464K), 6 survivors (6144K)
 Metaspace       used 64801K, committed 66368K, reserved 1114112K
  class space    used 8959K, committed 9728K, reserved 1048576K
}
Event: 6.397 GC heap after
{Heap after GC invocations=13 (full 0):
 garbage-first heap   total 107520K, used 42813K [0x0000000080000000, 0x0000000100000000)
  region size 1024K, 7 young (7168K), 7 survivors (7168K)
 Metaspace       used 64801K, committed 66368K, reserved 1114112K
  class space    used 8959K, committed 9728K, reserved 1048576K
}
Event: 6.810 GC heap before
{Heap before GC invocations=13 (full 0):
 garbage-first heap   total 107520K, used 91965K [0x0000000080000000, 0x0000000100000000)
  region size 1024K, 56 young (57344K), 7 survivors (7168K)
 Metaspace       used 65734K, committed 67392K, reserved 1114112K
  class space    used 9072K, committed 9856K, reserved 1048576K
}
Event: 6.818 GC heap after
{Heap after GC invocations=14 (full 0):
 garbage-first heap   total 107520K, used 45660K [0x0000000080000000, 0x0000000100000000)
  region size 1024K, 5 young (5120K), 5 survivors (5120K)
 Metaspace       used 65734K, committed 67392K, reserved 1114112K
  class space    used 9072K, committed 9856K, reserved 1048576K
}
Event: 7.087 GC heap before
{Heap before GC invocations=14 (full 0):
 garbage-first heap   total 107520K, used 93788K [0x0000000080000000, 0x0000000100000000)
  region size 1024K, 53 young (54272K), 5 survivors (5120K)
 Metaspace       used 65983K, committed 67584K, reserved 1114112K
  class space    used 9073K, committed 9856K, reserved 1048576K
}
Event: 7.092 GC heap after
{Heap after GC invocations=15 (full 0):
 garbage-first heap   total 107520K, used 47212K [0x0000000080000000, 0x0000000100000000)
  region size 1024K, 4 young (4096K), 4 survivors (4096K)
 Metaspace       used 65983K, committed 67584K, reserved 1114112K
  class space    used 9073K, committed 9856K, reserved 1048576K
}
Event: 7.389 GC heap before
{Heap before GC invocations=15 (full 0):
 garbage-first heap   total 107520K, used 96364K [0x0000000080000000, 0x0000000100000000)
  region size 1024K, 51 young (52224K), 4 survivors (4096K)
 Metaspace       used 66315K, committed 67904K, reserved 1114112K
  class space    used 9117K, committed 9920K, reserved 1048576K
}
Event: 7.393 GC heap after
{Heap after GC invocations=16 (full 0):
 garbage-first heap   total 107520K, used 51265K [0x0000000080000000, 0x0000000100000000)
  region size 1024K, 6 young (6144K), 6 survivors (6144K)
 Metaspace       used 66315K, committed 67904K, reserved 1114112K
  class space    used 9117K, committed 9920K, reserved 1048576K
}
Event: 7.493 GC heap before
{Heap before GC invocations=16 (full 0):
 garbage-first heap   total 107520K, used 59457K [0x0000000080000000, 0x0000000100000000)
  region size 1024K, 14 young (14336K), 6 survivors (6144K)
 Metaspace       used 66650K, committed 68288K, reserved 1114112K
  class space    used 9180K, committed 9984K, reserved 1048576K
}
Event: 7.498 GC heap after
{Heap after GC invocations=17 (full 0):
 garbage-first heap   total 129024K, used 56577K [0x0000000080000000, 0x0000000100000000)
  region size 1024K, 4 young (4096K), 4 survivors (4096K)
 Metaspace       used 66650K, committed 68288K, reserved 1114112K
  class space    used 9180K, committed 9984K, reserved 1048576K
}
Event: 8.145 GC heap before
{Heap before GC invocations=17 (full 0):
 garbage-first heap   total 129024K, used 115969K [0x0000000080000000, 0x0000000100000000)
  region size 1024K, 60 young (61440K), 4 survivors (4096K)
 Metaspace       used 71639K, committed 73280K, reserved 1114112K
  class space    used 9760K, committed 10560K, reserved 1048576K
}
Event: 8.148 GC heap after
{Heap after GC invocations=18 (full 0):
 garbage-first heap   total 129024K, used 61390K [0x0000000080000000, 0x0000000100000000)
  region size 1024K, 7 young (7168K), 7 survivors (7168K)
 Metaspace       used 71639K, committed 73280K, reserved 1114112K
  class space    used 9760K, committed 10560K, reserved 1048576K
}
Event: 8.711 GC heap before
{Heap before GC invocations=18 (full 0):
 garbage-first heap   total 129024K, used 107470K [0x0000000080000000, 0x0000000100000000)
  region size 1024K, 50 young (51200K), 7 survivors (7168K)
 Metaspace       used 76578K, committed 78464K, reserved 1179648K
  class space    used 10456K, committed 11392K, reserved 1048576K
}
Event: 8.717 GC heap after
{Heap after GC invocations=19 (full 0):
 garbage-first heap   total 129024K, used 68541K [0x0000000080000000, 0x0000000100000000)
  region size 1024K, 8 young (8192K), 8 survivors (8192K)
 Metaspace       used 76578K, committed 78464K, reserved 1179648K
  class space    used 10456K, committed 11392K, reserved 1048576K
}
Event: 9.290 GC heap before
{Heap before GC invocations=20 (full 0):
 garbage-first heap   total 132096K, used 114621K [0x0000000080000000, 0x0000000100000000)
  region size 1024K, 51 young (52224K), 8 survivors (8192K)
 Metaspace       used 79336K, committed 81088K, reserved 1179648K
  class space    used 10831K, committed 11712K, reserved 1048576K
}
Event: 9.296 GC heap after
{Heap after GC invocations=21 (full 0):
 garbage-first heap   total 132096K, used 69491K [0x0000000080000000, 0x0000000100000000)
  region size 1024K, 3 young (3072K), 3 survivors (3072K)
 Metaspace       used 79336K, committed 81088K, reserved 1179648K
  class space    used 10831K, committed 11712K, reserved 1048576K
}
Event: 9.796 GC heap before
{Heap before GC invocations=21 (full 0):
 garbage-first heap   total 132096K, used 120691K [0x0000000080000000, 0x0000000100000000)
  region size 1024K, 53 young (54272K), 3 survivors (3072K)
 Metaspace       used 82364K, committed 84160K, reserved 1179648K
  class space    used 11216K, committed 12096K, reserved 1048576K
}
Event: 9.802 GC heap after
{Heap after GC invocations=22 (full 0):
 garbage-first heap   total 132096K, used 72926K [0x0000000080000000, 0x0000000100000000)
  region size 1024K, 7 young (7168K), 7 survivors (7168K)
 Metaspace       used 82364K, committed 84160K, reserved 1179648K
  class space    used 11216K, committed 12096K, reserved 1048576K
}
Event: 9.993 GC heap before
{Heap before GC invocations=22 (full 0):
 garbage-first heap   total 132096K, used 95454K [0x0000000080000000, 0x0000000100000000)
  region size 1024K, 30 young (30720K), 7 survivors (7168K)
 Metaspace       used 84065K, committed 85888K, reserved 1179648K
  class space    used 11458K, committed 12352K, reserved 1048576K
}
Event: 9.998 GC heap after
{Heap after GC invocations=23 (full 0):
 garbage-first heap   total 132096K, used 74948K [0x0000000080000000, 0x0000000100000000)
  region size 1024K, 2 young (2048K), 2 survivors (2048K)
 Metaspace       used 84065K, committed 85888K, reserved 1179648K
  class space    used 11458K, committed 12352K, reserved 1048576K
}

