# JRE version: OpenJDK Runtime Environment (21.0.3) (build 21.0.3+-12282718-b509.11)
# Java VM: OpenJDK 64-Bit Server VM (21.0.3+-12282718-b509.11, mixed mode, tiered, compressed oops, compressed class ptrs, g1 gc, windows-amd64)
GC Precious Log:
 CardTable entry size: 512
 Card Set container configuration: InlinePtr #cards 5 size 8 Array Of Cards #cards 12 size 40 Howl #buckets 4 coarsen threshold 1843 Howl Bitmap #cards 512 size 80 coarsen threshold 460 Card regions per heap region 1 cards per card region 2048
 CPUs: 8 total, 8 available
 Memory: 7914M
 Large Page Support: Disabled
 NUMA Support: Disabled
 Compressed Oops: Enabled (32-bit)
 Heap Region Size: 1M
 Heap Min Capacity: 8M
 Heap Initial Capacity: 124M
 Heap Max Capacity: 2G
 Pre-touch: Disabled
 Parallel Workers: 8
 Concurrent Workers: 2
 Concurrent Refinement Workers: 8
 Periodic GC: Disabled
Heap:
 garbage-first heap   total 137216K, used 90914K [0x0000000080000000, 0x0000000100000000)
  region size 1024K, 16 young (16384K), 5 survivors (5120K)
 Metaspace       used 97862K, committed 99904K, reserved 1179648K
  class space    used 13576K, committed 14592K, reserved 1048576K
GC Heap History (20 events):
Event: 7.897 GC heap before
{Heap before GC invocations=19 (full 0):
 garbage-first heap   total 122880K, used 108898K [0x0000000080000000, 0x0000000100000000)
  region size 1024K, 57 young (58368K), 4 survivors (4096K)
 Metaspace       used 70270K, committed 71872K, reserved 1114112K
  class space    used 9634K, committed 10432K, reserved 1048576K
}
Event: 7.903 GC heap after
{Heap after GC invocations=20 (full 0):
 garbage-first heap   total 122880K, used 61161K [0x0000000080000000, 0x0000000100000000)
  region size 1024K, 8 young (8192K), 8 survivors (8192K)
 Metaspace       used 70270K, committed 71872K, reserved 1114112K
  class space    used 9634K, committed 10432K, reserved 1048576K
}
Event: 9.916 GC heap before
{Heap before GC invocations=20 (full 0):
 garbage-first heap   total 122880K, used 107241K [0x0000000080000000, 0x0000000100000000)
  region size 1024K, 53 young (54272K), 8 survivors (8192K)
 Metaspace       used 75351K, committed 77120K, reserved 1179648K
  class space    used 10312K, committed 11200K, reserved 1048576K
}
Event: 9.921 GC heap after
{Heap after GC invocations=21 (full 0):
 garbage-first heap   total 122880K, used 62792K [0x0000000080000000, 0x0000000100000000)
  region size 1024K, 2 young (2048K), 2 survivors (2048K)
 Metaspace       used 75351K, committed 77120K, reserved 1179648K
  class space    used 10312K, committed 11200K, reserved 1048576K
}
Event: 10.126 GC heap before
{Heap before GC invocations=21 (full 0):
 garbage-first heap   total 122880K, used 66888K [0x0000000080000000, 0x0000000100000000)
  region size 1024K, 8 young (8192K), 2 survivors (2048K)
 Metaspace       used 76586K, committed 78400K, reserved 1179648K
  class space    used 10442K, committed 11328K, reserved 1048576K
}
Event: 10.134 GC heap after
{Heap after GC invocations=22 (full 0):
 garbage-first heap   total 122880K, used 64099K [0x0000000080000000, 0x0000000100000000)
  region size 1024K, 3 young (3072K), 3 survivors (3072K)
 Metaspace       used 76586K, committed 78400K, reserved 1179648K
  class space    used 10442K, committed 11328K, reserved 1048576K
}
Event: 10.995 GC heap before
{Heap before GC invocations=23 (full 0):
 garbage-first heap   total 130048K, used 108131K [0x0000000080000000, 0x0000000100000000)
  region size 1024K, 41 young (41984K), 3 survivors (3072K)
 Metaspace       used 78669K, committed 80448K, reserved 1179648K
  class space    used 10738K, committed 11648K, reserved 1048576K
}
Event: 11.001 GC heap after
{Heap after GC invocations=24 (full 0):
 garbage-first heap   total 130048K, used 68506K [0x0000000080000000, 0x0000000100000000)
  region size 1024K, 6 young (6144K), 6 survivors (6144K)
 Metaspace       used 78669K, committed 80448K, reserved 1179648K
  class space    used 10738K, committed 11648K, reserved 1048576K
}
Event: 11.629 GC heap before
{Heap before GC invocations=24 (full 0):
 garbage-first heap   total 130048K, used 109466K [0x0000000080000000, 0x0000000100000000)
  region size 1024K, 46 young (47104K), 6 survivors (6144K)
 Metaspace       used 81486K, committed 83328K, reserved 1179648K
  class space    used 11096K, committed 12032K, reserved 1048576K
}
Event: 11.635 GC heap after
{Heap after GC invocations=25 (full 0):
 garbage-first heap   total 130048K, used 71902K [0x0000000080000000, 0x0000000100000000)
  region size 1024K, 5 young (5120K), 5 survivors (5120K)
 Metaspace       used 81486K, committed 83328K, reserved 1179648K
  class space    used 11096K, committed 12032K, reserved 1048576K
}
Event: 12.080 GC heap before
{Heap before GC invocations=25 (full 0):
 garbage-first heap   total 130048K, used 110814K [0x0000000080000000, 0x0000000100000000)
  region size 1024K, 43 young (44032K), 5 survivors (5120K)
 Metaspace       used 83884K, committed 85696K, reserved 1179648K
  class space    used 11434K, committed 12352K, reserved 1048576K
}
Event: 12.084 GC heap after
{Heap after GC invocations=26 (full 0):
 garbage-first heap   total 130048K, used 73708K [0x0000000080000000, 0x0000000100000000)
  region size 1024K, 4 young (4096K), 4 survivors (4096K)
 Metaspace       used 83884K, committed 85696K, reserved 1179648K
  class space    used 11434K, committed 12352K, reserved 1048576K
}
Event: 12.901 GC heap before
{Heap before GC invocations=27 (full 0):
 garbage-first heap   total 132096K, used 112620K [0x0000000080000000, 0x0000000100000000)
  region size 1024K, 42 young (43008K), 4 survivors (4096K)
 Metaspace       used 86963K, committed 88768K, reserved 1179648K
  class space    used 11960K, committed 12864K, reserved 1048576K
}
Event: 12.908 GC heap after
{Heap after GC invocations=28 (full 0):
 garbage-first heap   total 132096K, used 74789K [0x0000000080000000, 0x0000000100000000)
  region size 1024K, 2 young (2048K), 2 survivors (2048K)
 Metaspace       used 86963K, committed 88768K, reserved 1179648K
  class space    used 11960K, committed 12864K, reserved 1048576K
}
Event: 13.892 GC heap before
{Heap before GC invocations=28 (full 0):
 garbage-first heap   total 132096K, used 115749K [0x0000000080000000, 0x0000000100000000)
  region size 1024K, 42 young (43008K), 2 survivors (2048K)
 Metaspace       used 90181K, committed 92160K, reserved 1179648K
  class space    used 12463K, committed 13440K, reserved 1048576K
}
Event: 13.900 GC heap after
{Heap after GC invocations=29 (full 0):
 garbage-first heap   total 132096K, used 75656K [0x0000000080000000, 0x0000000100000000)
  region size 1024K, 4 young (4096K), 4 survivors (4096K)
 Metaspace       used 90181K, committed 92160K, reserved 1179648K
  class space    used 12463K, committed 13440K, reserved 1048576K
}
Event: 14.873 GC heap before
{Heap before GC invocations=29 (full 0):
 garbage-first heap   total 132096K, used 116616K [0x0000000080000000, 0x0000000100000000)
  region size 1024K, 44 young (45056K), 4 survivors (4096K)
 Metaspace       used 93534K, committed 95488K, reserved 1179648K
  class space    used 12925K, committed 13888K, reserved 1048576K
}
Event: 14.882 GC heap after
{Heap after GC invocations=30 (full 0):
 garbage-first heap   total 132096K, used 78540K [0x0000000080000000, 0x0000000100000000)
  region size 1024K, 6 young (6144K), 6 survivors (6144K)
 Metaspace       used 93534K, committed 95488K, reserved 1179648K
  class space    used 12925K, committed 13888K, reserved 1048576K
}
Event: 16.083 GC heap before
{Heap before GC invocations=31 (full 0):
 garbage-first heap   total 137216K, used 117452K [0x0000000080000000, 0x0000000100000000)
  region size 1024K, 44 young (45056K), 6 survivors (6144K)
 Metaspace       used 97324K, committed 99264K, reserved 1179648K
  class space    used 13506K, committed 14464K, reserved 1048576K
}
Event: 16.097 GC heap after
{Heap after GC invocations=32 (full 0):
 garbage-first heap   total 137216K, used 80674K [0x0000000080000000, 0x0000000100000000)
  region size 1024K, 5 young (5120K), 5 survivors (5120K)
 Metaspace       used 97324K, committed 99264K, reserved 1179648K
  class space    used 13506K, committed 14464K, reserved 1048576K
}

