# JRE version: OpenJDK Runtime Environment (21.0.3) (build 21.0.3+-12282718-b509.11)
# Java VM: OpenJDK 64-Bit Server VM (21.0.3+-12282718-b509.11, mixed mode, tiered, compressed oops, compressed class ptrs, g1 gc, windows-amd64)
GC Precious Log:
 CardTable entry size: 512
 Card Set container configuration: InlinePtr #cards 5 size 8 Array Of Cards #cards 12 size 40 Howl #buckets 4 coarsen threshold 1843 Howl Bitmap #cards 512 size 80 coarsen threshold 460 Card regions per heap region 1 cards per card region 2048
 CPUs: 8 total, 8 available
 Memory: 7914M
 Large Page Support: Disabled
 NUMA Support: Disabled
 Compressed Oops: Enabled (32-bit)
 Heap Region Size: 1M
 Heap Min Capacity: 8M
 Heap Initial Capacity: 124M
 Heap Max Capacity: 2G
 Pre-touch: Disabled
 Parallel Workers: 8
 Concurrent Workers: 2
 Concurrent Refinement Workers: 8
 Periodic GC: Disabled
Heap:
 garbage-first heap   total 91136K, used 58980K [0x0000000080000000, 0x0000000100000000)
  region size 1024K, 37 young (37888K), 7 survivors (7168K)
 Metaspace       used 45849K, committed 47104K, reserved 1114112K
  class space    used 6160K, committed 6784K, reserved 1048576K
GC Heap History (14 events):
Event: 0.494 GC heap before
{Heap before GC invocations=0 (full 0):
 garbage-first heap   total 126976K, used 26624K [0x0000000080000000, 0x0000000100000000)
  region size 1024K, 23 young (23552K), 0 survivors (0K)
 Metaspace       used 8129K, committed 8320K, reserved 1114112K
  class space    used 738K, committed 832K, reserved 1048576K
}
Event: 0.501 GC heap after
{Heap after GC invocations=1 (full 0):
 garbage-first heap   total 126976K, used 10624K [0x0000000080000000, 0x0000000100000000)
  region size 1024K, 3 young (3072K), 3 survivors (3072K)
 Metaspace       used 8129K, committed 8320K, reserved 1114112K
  class space    used 738K, committed 832K, reserved 1048576K
}
Event: 1.030 GC heap before
{Heap before GC invocations=1 (full 0):
 garbage-first heap   total 126976K, used 40320K [0x0000000080000000, 0x0000000100000000)
  region size 1024K, 33 young (33792K), 3 survivors (3072K)
 Metaspace       used 12020K, committed 12224K, reserved 1114112K
  class space    used 1278K, committed 1408K, reserved 1048576K
}
Event: 1.037 GC heap after
{Heap after GC invocations=2 (full 0):
 garbage-first heap   total 126976K, used 12409K [0x0000000080000000, 0x0000000100000000)
  region size 1024K, 2 young (2048K), 2 survivors (2048K)
 Metaspace       used 12020K, committed 12224K, reserved 1114112K
  class space    used 1278K, committed 1408K, reserved 1048576K
}
Event: 2.150 GC heap before
{Heap before GC invocations=2 (full 0):
 garbage-first heap   total 126976K, used 78969K [0x0000000080000000, 0x0000000100000000)
  region size 1024K, 66 young (67584K), 2 survivors (2048K)
 Metaspace       used 21177K, committed 21504K, reserved 1114112K
  class space    used 2461K, committed 2624K, reserved 1048576K
}
Event: 2.157 GC heap after
{Heap after GC invocations=3 (full 0):
 garbage-first heap   total 126976K, used 21224K [0x0000000080000000, 0x0000000100000000)
  region size 1024K, 9 young (9216K), 9 survivors (9216K)
 Metaspace       used 21177K, committed 21504K, reserved 1114112K
  class space    used 2461K, committed 2624K, reserved 1048576K
}
Event: 2.856 GC heap before
{Heap before GC invocations=4 (full 0):
 garbage-first heap   total 75776K, used 57064K [0x0000000080000000, 0x0000000100000000)
  region size 1024K, 44 young (45056K), 9 survivors (9216K)
 Metaspace       used 27514K, committed 28032K, reserved 1114112K
  class space    used 3454K, committed 3712K, reserved 1048576K
}
Event: 2.865 GC heap after
{Heap after GC invocations=5 (full 0):
 garbage-first heap   total 75776K, used 23412K [0x0000000080000000, 0x0000000100000000)
  region size 1024K, 3 young (3072K), 3 survivors (3072K)
 Metaspace       used 27514K, committed 28032K, reserved 1114112K
  class space    used 3454K, committed 3712K, reserved 1048576K
}
Event: 3.589 GC heap before
{Heap before GC invocations=5 (full 0):
 garbage-first heap   total 75776K, used 60276K [0x0000000080000000, 0x0000000100000000)
  region size 1024K, 39 young (39936K), 3 survivors (3072K)
 Metaspace       used 32441K, committed 33216K, reserved 1114112K
  class space    used 4294K, committed 4672K, reserved 1048576K
}
Event: 3.593 GC heap after
{Heap after GC invocations=6 (full 0):
 garbage-first heap   total 91136K, used 25753K [0x0000000080000000, 0x0000000100000000)
  region size 1024K, 5 young (5120K), 5 survivors (5120K)
 Metaspace       used 32441K, committed 33216K, reserved 1114112K
  class space    used 4294K, committed 4672K, reserved 1048576K
}
Event: 3.925 GC heap before
{Heap before GC invocations=6 (full 0):
 garbage-first heap   total 91136K, used 44185K [0x0000000080000000, 0x0000000100000000)
  region size 1024K, 25 young (25600K), 5 survivors (5120K)
 Metaspace       used 35300K, committed 36096K, reserved 1114112K
  class space    used 4761K, committed 5120K, reserved 1048576K
}
Event: 3.929 GC heap after
{Heap after GC invocations=7 (full 0):
 garbage-first heap   total 91136K, used 26960K [0x0000000080000000, 0x0000000100000000)
  region size 1024K, 4 young (4096K), 4 survivors (4096K)
 Metaspace       used 35300K, committed 36096K, reserved 1114112K
  class space    used 4761K, committed 5120K, reserved 1048576K
}
Event: 4.629 GC heap before
{Heap before GC invocations=8 (full 0):
 garbage-first heap   total 91136K, used 73040K [0x0000000080000000, 0x0000000100000000)
  region size 1024K, 50 young (51200K), 4 survivors (4096K)
 Metaspace       used 43667K, committed 44800K, reserved 1114112K
  class space    used 5904K, committed 6464K, reserved 1048576K
}
Event: 4.635 GC heap after
{Heap after GC invocations=9 (full 0):
 garbage-first heap   total 91136K, used 30308K [0x0000000080000000, 0x0000000100000000)
  region size 1024K, 7 young (7168K), 7 survivors (7168K)
 Metaspace       used 43667K, committed 44800K, reserved 1114112K
  class space    used 5904K, committed 6464K, reserved 1048576K
}

